2019-10-23 18:06:40,157:INFO:	----------------------------------------------------------------------------------------------------
2019-10-23 18:06:40,157:INFO:	log_frequency: 1000
2019-10-23 18:06:40,157:INFO:	n_epochs: 1
2019-10-23 18:06:40,157:INFO:	learning_rate: 0.001
2019-10-23 18:06:40,157:INFO:	train_path: /home/ubuntu/hd/home/lpmayos/code/dynet_demo/data/ud/en-ud-train.conllu
2019-10-23 18:06:40,157:INFO:	dev_path: /home/ubuntu/hd/home/lpmayos/code/dynet_demo/data/ud/en-ud-dev.conllu
2019-10-23 18:06:40,157:INFO:	test_path: /home/ubuntu/hd/home/lpmayos/code/dynet_demo/data/ud/en-ud-test.conllu
2019-10-23 18:06:40,157:INFO:	n_words: 9874
2019-10-23 18:06:40,157:INFO:	n_tags: 50
2019-10-23 18:06:40,157:INFO:	batch_size: 32
2019-10-23 18:06:40,157:INFO:	kg_vocab_path: /home/ubuntu/hd/home/lpmayos/code/UniParse/models/kiperwasser/1b/bpe/mini_test/vocab.pkl
2019-10-23 18:06:40,158:INFO:	kg_model_path: /home/ubuntu/hd/home/lpmayos/code/UniParse/models/kiperwasser/1b/bpe/mini_test/model.model
2019-10-23 18:08:30,928:INFO:	----------------------------------------------------------------------------------------------------
2019-10-23 18:08:30,928:INFO:	log_frequency: 1000
2019-10-23 18:08:30,928:INFO:	n_epochs: 1
2019-10-23 18:08:30,928:INFO:	learning_rate: 0.001
2019-10-23 18:08:30,928:INFO:	train_path: /home/ubuntu/hd/home/lpmayos/code/dynet_demo/data/ud/en-ud-train.conllu
2019-10-23 18:08:30,929:INFO:	dev_path: /home/ubuntu/hd/home/lpmayos/code/dynet_demo/data/ud/en-ud-dev.conllu
2019-10-23 18:08:30,929:INFO:	test_path: /home/ubuntu/hd/home/lpmayos/code/dynet_demo/data/ud/en-ud-test.conllu
2019-10-23 18:08:30,929:INFO:	n_words: 9874
2019-10-23 18:08:30,929:INFO:	n_tags: 50
2019-10-23 18:08:30,929:INFO:	batch_size: 32
2019-10-23 18:08:30,929:INFO:	kg_vocab_path: /home/ubuntu/hd/home/lpmayos/code/UniParse/models/kiperwasser/1b/bpe/mini_test/vocab.pkl
2019-10-23 18:08:30,929:INFO:	kg_model_path: /home/ubuntu/hd/home/lpmayos/code/UniParse/models/kiperwasser/1b/bpe/mini_test/model.model
2019-10-23 18:09:00,154:INFO:	----------------------------------------------------------------------------------------------------
2019-10-23 18:09:00,154:INFO:	log_frequency: 1000
2019-10-23 18:09:00,154:INFO:	n_epochs: 1
2019-10-23 18:09:00,154:INFO:	learning_rate: 0.001
2019-10-23 18:09:00,154:INFO:	train_path: /home/ubuntu/hd/home/lpmayos/code/dynet_demo/data/ud/en-ud-train.conllu
2019-10-23 18:09:00,154:INFO:	dev_path: /home/ubuntu/hd/home/lpmayos/code/dynet_demo/data/ud/en-ud-dev.conllu
2019-10-23 18:09:00,154:INFO:	test_path: /home/ubuntu/hd/home/lpmayos/code/dynet_demo/data/ud/en-ud-test.conllu
2019-10-23 18:09:00,154:INFO:	n_words: 9874
2019-10-23 18:09:00,154:INFO:	n_tags: 50
2019-10-23 18:09:00,154:INFO:	batch_size: 32
2019-10-23 18:09:00,154:INFO:	kg_vocab_path: /home/ubuntu/hd/home/lpmayos/code/UniParse/models/kiperwasser/1b/bpe/mini_test/vocab.pkl
2019-10-23 18:09:00,154:INFO:	kg_model_path: /home/ubuntu/hd/home/lpmayos/code/UniParse/models/kiperwasser/1b/bpe/mini_test/model.model
2019-10-23 18:09:14,946:INFO:	----------------------------------------------------------------------------------------------------
2019-10-23 18:09:14,946:INFO:	log_frequency: 1000
2019-10-23 18:09:14,946:INFO:	n_epochs: 1
2019-10-23 18:09:14,946:INFO:	learning_rate: 0.001
2019-10-23 18:09:14,946:INFO:	train_path: /home/ubuntu/hd/home/lpmayos/code/dynet_demo/data/ud/en-ud-train.conllu
2019-10-23 18:09:14,946:INFO:	dev_path: /home/ubuntu/hd/home/lpmayos/code/dynet_demo/data/ud/en-ud-dev.conllu
2019-10-23 18:09:14,946:INFO:	test_path: /home/ubuntu/hd/home/lpmayos/code/dynet_demo/data/ud/en-ud-test.conllu
2019-10-23 18:09:14,946:INFO:	n_words: 9874
2019-10-23 18:09:14,946:INFO:	n_tags: 50
2019-10-23 18:09:14,946:INFO:	batch_size: 32
2019-10-23 18:09:14,946:INFO:	kg_vocab_path: /home/ubuntu/hd/home/lpmayos/code/UniParse/models/kiperwasser/1b/bpe/mini_test/vocab.pkl
2019-10-23 18:09:14,946:INFO:	kg_model_path: /home/ubuntu/hd/home/lpmayos/code/UniParse/models/kiperwasser/1b/bpe/mini_test/model.model
2019-10-23 18:09:48,584:INFO:	----------------------------------------------------------------------------------------------------
2019-10-23 18:09:48,585:INFO:	log_frequency: 1000
2019-10-23 18:09:48,585:INFO:	n_epochs: 1
2019-10-23 18:09:48,585:INFO:	learning_rate: 0.001
2019-10-23 18:09:48,585:INFO:	train_path: /home/ubuntu/hd/home/lpmayos/code/dynet_demo/data/ud/en-ud-train.conllu
2019-10-23 18:09:48,585:INFO:	dev_path: /home/ubuntu/hd/home/lpmayos/code/dynet_demo/data/ud/en-ud-dev.conllu
2019-10-23 18:09:48,585:INFO:	test_path: /home/ubuntu/hd/home/lpmayos/code/dynet_demo/data/ud/en-ud-test.conllu
2019-10-23 18:09:48,585:INFO:	n_words: 9874
2019-10-23 18:09:48,585:INFO:	n_tags: 50
2019-10-23 18:09:48,585:INFO:	batch_size: 32
2019-10-23 18:09:48,585:INFO:	kg_vocab_path: /home/ubuntu/hd/home/lpmayos/code/UniParse/models/kiperwasser/1b/bpe/mini_test/vocab.pkl
2019-10-23 18:09:48,585:INFO:	kg_model_path: /home/ubuntu/hd/home/lpmayos/code/UniParse/models/kiperwasser/1b/bpe/mini_test/model.model
2019-10-23 18:11:10,113:INFO:	----------------------------------------------------------------------------------------------------
2019-10-23 18:11:10,113:INFO:	log_frequency: 1000
2019-10-23 18:11:10,114:INFO:	n_epochs: 1
2019-10-23 18:11:10,114:INFO:	learning_rate: 0.001
2019-10-23 18:11:10,114:INFO:	train_path: /home/ubuntu/hd/home/lpmayos/code/dynet_demo/data/ud/en-ud-train.conllu
2019-10-23 18:11:10,114:INFO:	dev_path: /home/ubuntu/hd/home/lpmayos/code/dynet_demo/data/ud/en-ud-dev.conllu
2019-10-23 18:11:10,114:INFO:	test_path: /home/ubuntu/hd/home/lpmayos/code/dynet_demo/data/ud/en-ud-test.conllu
2019-10-23 18:11:10,114:INFO:	n_words: 9874
2019-10-23 18:11:10,114:INFO:	n_tags: 50
2019-10-23 18:11:10,114:INFO:	batch_size: 32
2019-10-23 18:11:10,114:INFO:	kg_vocab_path: /home/ubuntu/hd/home/lpmayos/code/UniParse/models/kiperwasser/1b/bpe/mini_test/vocab.pkl
2019-10-23 18:11:10,114:INFO:	kg_model_path: /home/ubuntu/hd/home/lpmayos/code/UniParse/models/kiperwasser/1b/bpe/mini_test/model.model
2019-10-23 18:12:05,412:INFO:	----------------------------------------------------------------------------------------------------
2019-10-23 18:12:05,413:INFO:	log_frequency: 1000
2019-10-23 18:12:05,413:INFO:	n_epochs: 1
2019-10-23 18:12:05,413:INFO:	learning_rate: 0.001
2019-10-23 18:12:05,413:INFO:	train_path: /home/ubuntu/hd/home/lpmayos/code/dynet_demo/data/ud/en-ud-train.conllu
2019-10-23 18:12:05,413:INFO:	dev_path: /home/ubuntu/hd/home/lpmayos/code/dynet_demo/data/ud/en-ud-dev.conllu
2019-10-23 18:12:05,413:INFO:	test_path: /home/ubuntu/hd/home/lpmayos/code/dynet_demo/data/ud/en-ud-test.conllu
2019-10-23 18:12:05,413:INFO:	n_words: 9874
2019-10-23 18:12:05,414:INFO:	n_tags: 50
2019-10-23 18:12:05,414:INFO:	batch_size: 32
2019-10-23 18:12:05,414:INFO:	kg_vocab_path: /home/ubuntu/hd/home/lpmayos/code/UniParse/models/kiperwasser/1b/bpe/mini_test/vocab.pkl
2019-10-23 18:12:05,414:INFO:	kg_model_path: /home/ubuntu/hd/home/lpmayos/code/UniParse/models/kiperwasser/1b/bpe/mini_test/model.model
2019-10-23 18:12:37,610:INFO:	----------------------------------------------------------------------------------------------------
2019-10-23 18:12:37,610:INFO:	log_frequency: 1000
2019-10-23 18:12:37,610:INFO:	n_epochs: 1
2019-10-23 18:12:37,610:INFO:	learning_rate: 0.001
2019-10-23 18:12:37,610:INFO:	train_path: /home/ubuntu/hd/home/lpmayos/code/dynet_demo/data/ud/en-ud-train.conllu
2019-10-23 18:12:37,610:INFO:	dev_path: /home/ubuntu/hd/home/lpmayos/code/dynet_demo/data/ud/en-ud-dev.conllu
2019-10-23 18:12:37,610:INFO:	test_path: /home/ubuntu/hd/home/lpmayos/code/dynet_demo/data/ud/en-ud-test.conllu
2019-10-23 18:12:37,610:INFO:	n_words: 9874
2019-10-23 18:12:37,610:INFO:	n_tags: 50
2019-10-23 18:12:37,610:INFO:	batch_size: 32
2019-10-23 18:12:37,610:INFO:	kg_vocab_path: /home/ubuntu/hd/home/lpmayos/code/UniParse/models/kiperwasser/1b/bpe/mini_test/vocab.pkl
2019-10-23 18:12:37,610:INFO:	kg_model_path: /home/ubuntu/hd/home/lpmayos/code/UniParse/models/kiperwasser/1b/bpe/mini_test/model.model
2019-10-23 18:12:47,173:INFO:	----------------------------------------------------------------------------------------------------
2019-10-23 18:12:47,174:INFO:	log_frequency: 1000
2019-10-23 18:12:47,174:INFO:	n_epochs: 1
2019-10-23 18:12:47,174:INFO:	learning_rate: 0.001
2019-10-23 18:12:47,174:INFO:	train_path: /home/ubuntu/hd/home/lpmayos/code/dynet_demo/data/ud/en-ud-train.conllu
2019-10-23 18:12:47,174:INFO:	dev_path: /home/ubuntu/hd/home/lpmayos/code/dynet_demo/data/ud/en-ud-dev.conllu
2019-10-23 18:12:47,174:INFO:	test_path: /home/ubuntu/hd/home/lpmayos/code/dynet_demo/data/ud/en-ud-test.conllu
2019-10-23 18:12:47,174:INFO:	n_words: 9874
2019-10-23 18:12:47,174:INFO:	n_tags: 50
2019-10-23 18:12:47,174:INFO:	batch_size: 32
2019-10-23 18:12:47,174:INFO:	kg_vocab_path: /home/ubuntu/hd/home/lpmayos/code/UniParse/models/kiperwasser/1b/bpe/mini_test/vocab.pkl
2019-10-23 18:12:47,174:INFO:	kg_model_path: /home/ubuntu/hd/home/lpmayos/code/UniParse/models/kiperwasser/1b/bpe/mini_test/model.model
2019-10-23 18:13:11,234:INFO:	----------------------------------------------------------------------------------------------------
2019-10-23 18:13:11,234:INFO:	log_frequency: 1000
2019-10-23 18:13:11,235:INFO:	n_epochs: 1
2019-10-23 18:13:11,235:INFO:	learning_rate: 0.001
2019-10-23 18:13:11,235:INFO:	train_path: /home/ubuntu/hd/home/lpmayos/code/dynet_demo/data/ud/en-ud-train.conllu
2019-10-23 18:13:11,235:INFO:	dev_path: /home/ubuntu/hd/home/lpmayos/code/dynet_demo/data/ud/en-ud-dev.conllu
2019-10-23 18:13:11,235:INFO:	test_path: /home/ubuntu/hd/home/lpmayos/code/dynet_demo/data/ud/en-ud-test.conllu
2019-10-23 18:13:11,235:INFO:	n_words: 9874
2019-10-23 18:13:11,235:INFO:	n_tags: 50
2019-10-23 18:13:11,235:INFO:	batch_size: 32
2019-10-23 18:13:11,235:INFO:	kg_vocab_path: /home/ubuntu/hd/home/lpmayos/code/UniParse/models/kiperwasser/1b/bpe/mini_test/vocab.pkl
2019-10-23 18:13:11,236:INFO:	kg_model_path: /home/ubuntu/hd/home/lpmayos/code/UniParse/models/kiperwasser/1b/bpe/mini_test/model.model
2019-10-23 18:20:42,705:INFO:	----------------------------------------------------------------------------------------------------
2019-10-23 18:20:42,705:INFO:	log_frequency: 1000
2019-10-23 18:20:42,706:INFO:	n_epochs: 1
2019-10-23 18:20:42,706:INFO:	learning_rate: 0.001
2019-10-23 18:20:42,706:INFO:	train_path: /home/ubuntu/hd/home/lpmayos/code/dynet_demo/data/ud/en-ud-train.conllu
2019-10-23 18:20:42,706:INFO:	dev_path: /home/ubuntu/hd/home/lpmayos/code/dynet_demo/data/ud/en-ud-dev.conllu
2019-10-23 18:20:42,706:INFO:	test_path: /home/ubuntu/hd/home/lpmayos/code/dynet_demo/data/ud/en-ud-test.conllu
2019-10-23 18:20:42,706:INFO:	n_words: 9874
2019-10-23 18:20:42,706:INFO:	n_tags: 50
2019-10-23 18:20:42,706:INFO:	batch_size: 32
2019-10-23 18:20:42,706:INFO:	kg_vocab_path: /home/ubuntu/hd/home/lpmayos/code/UniParse/models/kiperwasser/1b/bpe/mini_test/vocab.pkl
2019-10-23 18:20:42,706:INFO:	kg_model_path: /home/ubuntu/hd/home/lpmayos/code/UniParse/models/kiperwasser/1b/bpe/mini_test/model.model
2019-10-23 18:21:09,733:INFO:	----------------------------------------------------------------------------------------------------
2019-10-23 18:21:09,733:INFO:	log_frequency: 1000
2019-10-23 18:21:09,734:INFO:	n_epochs: 1
2019-10-23 18:21:09,734:INFO:	learning_rate: 0.001
2019-10-23 18:21:09,734:INFO:	train_path: /home/ubuntu/hd/home/lpmayos/code/dynet_demo/data/ud/en-ud-train.conllu
2019-10-23 18:21:09,734:INFO:	dev_path: /home/ubuntu/hd/home/lpmayos/code/dynet_demo/data/ud/en-ud-dev.conllu
2019-10-23 18:21:09,734:INFO:	test_path: /home/ubuntu/hd/home/lpmayos/code/dynet_demo/data/ud/en-ud-test.conllu
2019-10-23 18:21:09,734:INFO:	n_words: 9874
2019-10-23 18:21:09,734:INFO:	n_tags: 50
2019-10-23 18:21:09,734:INFO:	batch_size: 32
2019-10-23 18:21:09,735:INFO:	kg_vocab_path: /home/ubuntu/hd/home/lpmayos/code/UniParse/models/kiperwasser/1b/bpe/mini_test/vocab.pkl
2019-10-23 18:21:09,735:INFO:	kg_model_path: /home/ubuntu/hd/home/lpmayos/code/UniParse/models/kiperwasser/1b/bpe/mini_test/model.model
2019-10-23 18:22:37,964:INFO:	----------------------------------------------------------------------------------------------------
2019-10-23 18:22:37,965:INFO:	log_frequency: 1000
2019-10-23 18:22:37,965:INFO:	n_epochs: 1
2019-10-23 18:22:37,965:INFO:	learning_rate: 0.001
2019-10-23 18:22:37,965:INFO:	train_path: /home/ubuntu/hd/home/lpmayos/code/dynet_demo/data/ud/en-ud-train.conllu
2019-10-23 18:22:37,965:INFO:	dev_path: /home/ubuntu/hd/home/lpmayos/code/dynet_demo/data/ud/en-ud-dev.conllu
2019-10-23 18:22:37,966:INFO:	test_path: /home/ubuntu/hd/home/lpmayos/code/dynet_demo/data/ud/en-ud-test.conllu
2019-10-23 18:22:37,966:INFO:	n_words: 9874
2019-10-23 18:22:37,966:INFO:	n_tags: 50
2019-10-23 18:22:37,966:INFO:	batch_size: 32
2019-10-23 18:22:37,966:INFO:	kg_vocab_path: /home/ubuntu/hd/home/lpmayos/code/UniParse/models/kiperwasser/1b/bpe/mini_test/vocab.pkl
2019-10-23 18:22:37,966:INFO:	kg_model_path: /home/ubuntu/hd/home/lpmayos/code/UniParse/models/kiperwasser/1b/bpe/mini_test/model.model
2019-10-23 18:22:56,156:INFO:	----------------------------------------------------------------------------------------------------
2019-10-23 18:22:56,156:INFO:	log_frequency: 1000
2019-10-23 18:22:56,157:INFO:	n_epochs: 1
2019-10-23 18:22:56,157:INFO:	learning_rate: 0.001
2019-10-23 18:22:56,157:INFO:	train_path: /home/ubuntu/hd/home/lpmayos/code/dynet_demo/data/ud/en-ud-train.conllu
2019-10-23 18:22:56,157:INFO:	dev_path: /home/ubuntu/hd/home/lpmayos/code/dynet_demo/data/ud/en-ud-dev.conllu
2019-10-23 18:22:56,157:INFO:	test_path: /home/ubuntu/hd/home/lpmayos/code/dynet_demo/data/ud/en-ud-test.conllu
2019-10-23 18:22:56,157:INFO:	n_words: 9874
2019-10-23 18:22:56,157:INFO:	n_tags: 50
2019-10-23 18:22:56,157:INFO:	batch_size: 32
2019-10-23 18:22:56,157:INFO:	kg_vocab_path: /home/ubuntu/hd/home/lpmayos/code/UniParse/models/kiperwasser/1b/bpe/mini_test/vocab.pkl
2019-10-23 18:22:56,157:INFO:	kg_model_path: /home/ubuntu/hd/home/lpmayos/code/UniParse/models/kiperwasser/1b/bpe/mini_test/model.model
