/home/ubuntu/miniconda2/envs/env36/bin/python /home/ubuntu/hd/home/lpmayos/code/dynet_demo/POSTagger4.py
[dynet] random seed: 3504336500
[dynet] allocating memory: 512MB
[dynet] memory allocation done.
2019-10-07 18:21:36,466:INFO:	log_frequency: 1000
2019-10-07 18:21:36,466:INFO:	n_epochs: 3
2019-10-07 18:21:36,466:INFO:	learning_rate: 0.001
2019-10-07 18:21:36,466:INFO:	batch_size: 32
2019-10-07 18:21:36,466:INFO:	train_path: /home/ubuntu/hd/home/lpmayos/code/datasets/ud2.1/ud-treebanks-v2.1/UD_English/en-ud-train.conllu
2019-10-07 18:21:36,466:INFO:	dev_path: /home/ubuntu/hd/home/lpmayos/code/datasets/ud2.1/ud-treebanks-v2.1/UD_English/en-ud-dev.conllu
2019-10-07 18:21:36,466:INFO:	test_path: /home/ubuntu/hd/home/lpmayos/code/datasets/ud2.1/ud-treebanks-v2.1/UD_English/en-ud-test.conllu
2019-10-07 18:21:36,466:INFO:	n_words: 9874
2019-10-07 18:21:36,466:INFO:	n_tags: 51
[lr=0.001 clips=125 updates=125] 2019-10-07 18:22:07,836:INFO:	Epoch 0 Iter 4000 Loss: 2.824705 Accuracy: 0.4576
[lr=0.001 clips=125 updates=125] 2019-10-07 18:22:38,039:INFO:	Epoch 0 Iter 8000 Loss: 1.508590 Accuracy: 0.7170
[lr=0.001 clips=125 updates=125] 2019-10-07 18:23:10,953:INFO:	Epoch 0 Iter 12000 Loss: 0.871099 Accuracy: 0.8200
[lr=0.001 clips=142 updates=142] 2019-10-07 18:23:48,451:INFO:	Epoch 1 Iter 4000 Loss: 0.576836 Accuracy: 0.8489
[lr=0.001 clips=125 updates=125] 2019-10-07 18:24:20,470:INFO:	Epoch 1 Iter 8000 Loss: 0.450385 Accuracy: 0.8680
[lr=0.001 clips=125 updates=125] 2019-10-07 18:24:52,694:INFO:	Epoch 1 Iter 12000 Loss: 0.382952 Accuracy: 0.8778
[lr=0.001 clips=142 updates=142] 2019-10-07 18:25:28,768:INFO:	Epoch 2 Iter 4000 Loss: 0.312338 Accuracy: 0.8796
[lr=0.001 clips=125 updates=125] 2019-10-07 18:26:00,712:INFO:	Epoch 2 Iter 8000 Loss: 0.290797 Accuracy: 0.8798
[lr=0.001 clips=125 updates=125] 2019-10-07 18:26:30,000:INFO:	Epoch 2 Iter 12000 Loss: 0.274487 Accuracy: 0.8854
2019-10-07 18:26:36,926:INFO:	Test accuracy: 0.89337371000518
2019-10-07 18:26:36,926:INFO:	elapsed time: 301.07472014427185 s

Process finished with exit code 0
