2019-10-04 15:08:48,067:INFO:	log_frequency: 1000
2019-10-04 15:08:48,067:INFO:	n_epochs: 1
2019-10-04 15:08:48,067:INFO:	learning_rate: 0.001
2019-10-04 15:08:48,067:INFO:	use_char_lstm: False
2019-10-04 15:08:48,067:INFO:	train_path: /home/ubuntu/hd/home/lpmayos/code/datasets/ud2.1/ud-treebanks-v2.1/UD_English/en-ud-train.conllu
2019-10-04 15:08:48,067:INFO:	dev_path: /home/ubuntu/hd/home/lpmayos/code/datasets/ud2.1/ud-treebanks-v2.1/UD_English/en-ud-dev.conllu
2019-10-04 15:08:48,067:INFO:	test_path: /home/ubuntu/hd/home/lpmayos/code/datasets/ud2.1/ud-treebanks-v2.1/UD_English/en-ud-test.conllu
2019-10-04 15:08:48,067:INFO:	n_words: 9874
2019-10-04 15:08:48,067:INFO:	n_tags: 51
2019-10-04 15:08:50,913:INFO:	Epoch 0 Iter 1000 Loss: 2.380066 Accuracy: 0.5961
2019-10-04 15:08:53,661:INFO:	Epoch 0 Iter 2000 Loss: 1.239920 Accuracy: 0.7227
2019-10-04 15:08:56,530:INFO:	Epoch 0 Iter 3000 Loss: 0.878037 Accuracy: 0.7814
2019-10-04 15:08:59,359:INFO:	Epoch 0 Iter 4000 Loss: 0.675997 Accuracy: 0.8190
2019-10-04 15:09:02,202:INFO:	Epoch 0 Iter 5000 Loss: 0.588950 Accuracy: 0.8323
2019-10-04 15:09:05,005:INFO:	Epoch 0 Iter 6000 Loss: 0.526657 Accuracy: 0.8427
2019-10-04 15:09:07,796:INFO:	Epoch 0 Iter 7000 Loss: 0.453864 Accuracy: 0.8373
2019-10-04 15:09:10,638:INFO:	Epoch 0 Iter 8000 Loss: 0.453137 Accuracy: 0.8606
2019-10-04 15:09:13,539:INFO:	Epoch 0 Iter 9000 Loss: 0.411478 Accuracy: 0.8604
2019-10-04 15:09:16,614:INFO:	Epoch 0 Iter 10000 Loss: 0.391683 Accuracy: 0.8639
2019-10-04 15:09:19,477:INFO:	Epoch 0 Iter 11000 Loss: 0.390079 Accuracy: 0.8736
2019-10-04 15:09:22,445:INFO:	Epoch 0 Iter 12000 Loss: 0.366822 Accuracy: 0.8754
2019-10-04 15:09:24,530:INFO:	Test accuracy: 0.871538430888154