2019-10-15 11:59:30,428:INFO:	log_frequency: 1000
2019-10-15 11:59:30,428:INFO:	n_epochs: 3
2019-10-15 11:59:30,428:INFO:	learning_rate: 0.001
2019-10-15 11:59:30,428:INFO:	train_path: data/en-ud-train.conllu
2019-10-15 11:59:30,428:INFO:	dev_path: data/en-ud-dev.conllu
2019-10-15 11:59:30,428:INFO:	test_path: data/en-ud-test.conllu
2019-10-15 11:59:30,429:INFO:	n_words: 9874
2019-10-15 11:59:30,429:INFO:	n_tags: 51
2019-10-15 11:59:30,429:INFO:	batch_size: 32
2019-10-15 11:59:30,429:INFO:	


2019-10-15 12:00:53,879:INFO:	Epoch 0 Iter 4000 Loss: 2.843775 Accuracy: 0.4802
2019-10-15 12:02:12,789:INFO:	Epoch 0 Iter 8000 Loss: 1.416468 Accuracy: 0.7455
2019-10-15 12:03:29,769:INFO:	Epoch 0 Iter 12000 Loss: 0.811776 Accuracy: 0.8370
2019-10-15 12:04:43,538:INFO:	Epoch 1 Iter 4000 Loss: 0.540557 Accuracy: 0.8703
2019-10-15 12:05:46,170:INFO:	Epoch 1 Iter 8000 Loss: 0.442366 Accuracy: 0.8800
2019-10-15 12:06:48,055:INFO:	Epoch 1 Iter 12000 Loss: 0.367599 Accuracy: 0.8824
2019-10-15 12:07:58,012:INFO:	Epoch 2 Iter 4000 Loss: 0.317315 Accuracy: 0.8916
2019-10-15 12:09:03,703:INFO:	Epoch 2 Iter 8000 Loss: 0.275811 Accuracy: 0.9017
2019-10-15 12:10:24,189:INFO:	Epoch 2 Iter 12000 Loss: 0.264397 Accuracy: 0.9007
2019-10-15 12:10:49,531:INFO:	Test accuracy: 0.9042913495636928
2019-10-15 12:10:49,585:INFO:	Elapsed time: 631.041839
