2019-10-03 18:58:06,968:INFO:	log_frequency: 1000
2019-10-03 18:58:06,968:INFO:	n_epochs: 5
2019-10-03 18:58:06,968:INFO:	learning_rate: 0.001
2019-10-03 18:58:06,968:INFO:	use_char_lstm: False
2019-10-03 18:58:06,968:INFO:	train_path: /home/ubuntu/hd/home/lpmayos/code/datasets/ud2.1/ud-treebanks-v2.1/UD_English/en-ud-train.conllu
2019-10-03 18:58:06,968:INFO:	dev_path: /home/ubuntu/hd/home/lpmayos/code/datasets/ud2.1/ud-treebanks-v2.1/UD_English/en-ud-dev.conllu
2019-10-03 18:58:06,968:INFO:	test_path: /home/ubuntu/hd/home/lpmayos/code/datasets/ud2.1/ud-treebanks-v2.1/UD_English/en-ud-test.conllu
2019-10-03 18:58:06,968:INFO:	n_words: 9874
2019-10-03 18:58:06,968:INFO:	n_tags: 51
2019-10-03 18:58:09,914:INFO:	Epoch 0 Iter 1000 Loss: 2.378479 Accuracy: 0.5663
2019-10-03 18:58:13,011:INFO:	Epoch 0 Iter 2000 Loss: 1.253131 Accuracy: 0.7074
2019-10-03 18:58:15,993:INFO:	Epoch 0 Iter 3000 Loss: 0.894364 Accuracy: 0.7683
2019-10-03 18:58:18,981:INFO:	Epoch 0 Iter 4000 Loss: 0.753370 Accuracy: 0.7846
2019-10-03 18:58:21,830:INFO:	Epoch 0 Iter 5000 Loss: 0.664022 Accuracy: 0.8151
2019-10-03 18:58:24,651:INFO:	Epoch 0 Iter 6000 Loss: 0.580570 Accuracy: 0.8346
2019-10-03 18:58:27,376:INFO:	Epoch 0 Iter 7000 Loss: 0.521701 Accuracy: 0.8421
2019-10-03 18:58:30,119:INFO:	Epoch 0 Iter 8000 Loss: 0.498114 Accuracy: 0.8442
2019-10-03 18:58:32,954:INFO:	Epoch 0 Iter 9000 Loss: 0.445685 Accuracy: 0.8556
2019-10-03 18:58:35,775:INFO:	Epoch 0 Iter 10000 Loss: 0.430948 Accuracy: 0.8630
2019-10-03 18:58:38,586:INFO:	Epoch 0 Iter 11000 Loss: 0.409042 Accuracy: 0.8660
2019-10-03 18:58:41,458:INFO:	Epoch 0 Iter 12000 Loss: 0.406536 Accuracy: 0.8728
2019-10-03 18:58:45,191:INFO:	Epoch 1 Iter 1000 Loss: 0.338633 Accuracy: 0.8579
2019-10-03 18:58:48,034:INFO:	Epoch 1 Iter 2000 Loss: 0.314275 Accuracy: 0.8705
2019-10-03 18:58:50,867:INFO:	Epoch 1 Iter 3000 Loss: 0.301058 Accuracy: 0.8790
2019-10-03 18:58:53,655:INFO:	Epoch 1 Iter 4000 Loss: 0.300019 Accuracy: 0.8670
2019-10-03 18:58:56,392:INFO:	Epoch 1 Iter 5000 Loss: 0.288705 Accuracy: 0.8799
2019-10-03 18:58:59,265:INFO:	Epoch 1 Iter 6000 Loss: 0.281188 Accuracy: 0.8796
2019-10-03 18:59:02,093:INFO:	Epoch 1 Iter 7000 Loss: 0.279991 Accuracy: 0.8802
2019-10-03 18:59:05,187:INFO:	Epoch 1 Iter 8000 Loss: 0.273291 Accuracy: 0.8874
2019-10-03 18:59:08,678:INFO:	Epoch 1 Iter 9000 Loss: 0.279335 Accuracy: 0.8864
2019-10-03 18:59:11,796:INFO:	Epoch 1 Iter 10000 Loss: 0.286051 Accuracy: 0.8825
2019-10-03 18:59:14,813:INFO:	Epoch 1 Iter 11000 Loss: 0.271225 Accuracy: 0.8789
2019-10-03 18:59:17,949:INFO:	Epoch 1 Iter 12000 Loss: 0.273257 Accuracy: 0.8901
2019-10-03 18:59:21,924:INFO:	Epoch 2 Iter 1000 Loss: 0.226381 Accuracy: 0.8816
2019-10-03 18:59:25,202:INFO:	Epoch 2 Iter 2000 Loss: 0.236966 Accuracy: 0.8899
2019-10-03 18:59:28,142:INFO:	Epoch 2 Iter 3000 Loss: 0.213135 Accuracy: 0.8847
2019-10-03 18:59:31,101:INFO:	Epoch 2 Iter 4000 Loss: 0.230168 Accuracy: 0.8938
2019-10-03 18:59:34,098:INFO:	Epoch 2 Iter 5000 Loss: 0.210526 Accuracy: 0.8926
2019-10-03 18:59:37,403:INFO:	Epoch 2 Iter 6000 Loss: 0.223585 Accuracy: 0.8899
2019-10-03 18:59:40,369:INFO:	Epoch 2 Iter 7000 Loss: 0.237289 Accuracy: 0.8878
2019-10-03 18:59:43,407:INFO:	Epoch 2 Iter 8000 Loss: 0.222789 Accuracy: 0.8840
2019-10-03 18:59:46,511:INFO:	Epoch 2 Iter 9000 Loss: 0.209367 Accuracy: 0.8854
2019-10-03 18:59:49,729:INFO:	Epoch 2 Iter 10000 Loss: 0.222688 Accuracy: 0.8854
2019-10-03 18:59:52,608:INFO:	Epoch 2 Iter 11000 Loss: 0.215437 Accuracy: 0.8961
2019-10-03 18:59:55,554:INFO:	Epoch 2 Iter 12000 Loss: 0.228279 Accuracy: 0.8951
2019-10-03 18:59:59,596:INFO:	Epoch 3 Iter 1000 Loss: 0.189746 Accuracy: 0.8931
2019-10-03 19:00:02,544:INFO:	Epoch 3 Iter 2000 Loss: 0.174745 Accuracy: 0.8968
2019-10-03 19:00:05,443:INFO:	Epoch 3 Iter 3000 Loss: 0.182277 Accuracy: 0.8977
2019-10-03 19:00:08,537:INFO:	Epoch 3 Iter 4000 Loss: 0.195011 Accuracy: 0.9016
2019-10-03 19:00:11,596:INFO:	Epoch 3 Iter 5000 Loss: 0.173265 Accuracy: 0.8978
2019-10-03 19:00:14,601:INFO:	Epoch 3 Iter 6000 Loss: 0.214017 Accuracy: 0.8981
2019-10-03 19:00:17,596:INFO:	Epoch 3 Iter 7000 Loss: 0.190458 Accuracy: 0.8940
2019-10-03 19:00:20,628:INFO:	Epoch 3 Iter 8000 Loss: 0.182684 Accuracy: 0.8956
2019-10-03 19:00:23,572:INFO:	Epoch 3 Iter 9000 Loss: 0.176552 Accuracy: 0.8969
2019-10-03 19:00:26,551:INFO:	Epoch 3 Iter 10000 Loss: 0.206069 Accuracy: 0.8966
2019-10-03 19:00:29,521:INFO:	Epoch 3 Iter 11000 Loss: 0.209552 Accuracy: 0.8979
2019-10-03 19:00:32,393:INFO:	Epoch 3 Iter 12000 Loss: 0.195535 Accuracy: 0.9012
2019-10-03 19:00:36,277:INFO:	Epoch 4 Iter 1000 Loss: 0.169678 Accuracy: 0.8914
2019-10-03 19:00:39,137:INFO:	Epoch 4 Iter 2000 Loss: 0.171818 Accuracy: 0.8996
2019-10-03 19:00:42,246:INFO:	Epoch 4 Iter 3000 Loss: 0.150717 Accuracy: 0.8969
2019-10-03 19:00:45,142:INFO:	Epoch 4 Iter 4000 Loss: 0.180308 Accuracy: 0.8914
2019-10-03 19:00:48,053:INFO:	Epoch 4 Iter 5000 Loss: 0.166921 Accuracy: 0.8948
2019-10-03 19:00:51,196:INFO:	Epoch 4 Iter 6000 Loss: 0.167229 Accuracy: 0.8993
2019-10-03 19:00:54,155:INFO:	Epoch 4 Iter 7000 Loss: 0.153106 Accuracy: 0.8942
2019-10-03 19:00:57,133:INFO:	Epoch 4 Iter 8000 Loss: 0.174533 Accuracy: 0.9004
2019-10-03 19:01:00,420:INFO:	Epoch 4 Iter 9000 Loss: 0.173417 Accuracy: 0.8971
2019-10-03 19:01:03,295:INFO:	Epoch 4 Iter 10000 Loss: 0.173856 Accuracy: 0.8991
2019-10-03 19:01:06,209:INFO:	Epoch 4 Iter 11000 Loss: 0.162175 Accuracy: 0.8994
2019-10-03 19:01:09,119:INFO:	Epoch 4 Iter 12000 Loss: 0.165677 Accuracy: 0.9001
2019-10-03 19:01:11,168:INFO:	Test accuracy: 0.8966410327927641
