2019-10-16 13:05:26,255:INFO:	log_frequency: 1000
2019-10-16 13:05:26,255:INFO:	n_epochs: 5
2019-10-16 13:05:26,255:INFO:	learning_rate: 0.001
2019-10-16 13:05:26,255:INFO:	train_path: data/en-ud-train.conllu
2019-10-16 13:05:26,255:INFO:	dev_path: data/en-ud-dev.conllu
2019-10-16 13:05:26,255:INFO:	test_path: data/en-ud-test.conllu
2019-10-16 13:05:26,255:INFO:	n_words: 9874
2019-10-16 13:05:26,255:INFO:	n_tags: 51
2019-10-16 13:05:38,627:INFO:	Epoch 0 Iter 1000 Loss: 2.077534 Accuracy: 0.6054
2019-10-16 13:05:49,708:INFO:	Epoch 0 Iter 2000 Loss: 1.048547 Accuracy: 0.7594
2019-10-16 13:06:00,880:INFO:	Epoch 0 Iter 3000 Loss: 0.693683 Accuracy: 0.8103
2019-10-16 13:06:10,975:INFO:	Epoch 0 Iter 4000 Loss: 0.545680 Accuracy: 0.8168
2019-10-16 13:06:21,278:INFO:	Epoch 0 Iter 5000 Loss: 0.466303 Accuracy: 0.8493
2019-10-16 13:06:31,313:INFO:	Epoch 0 Iter 6000 Loss: 0.439962 Accuracy: 0.8595
2019-10-16 13:06:42,011:INFO:	Epoch 0 Iter 7000 Loss: 0.385023 Accuracy: 0.8564
2019-10-16 13:06:52,363:INFO:	Epoch 0 Iter 8000 Loss: 0.392876 Accuracy: 0.8689
2019-10-16 13:07:02,554:INFO:	Epoch 0 Iter 9000 Loss: 0.350308 Accuracy: 0.8796
2019-10-16 13:07:12,937:INFO:	Epoch 0 Iter 10000 Loss: 0.350538 Accuracy: 0.8900
2019-10-16 13:07:24,236:INFO:	Epoch 0 Iter 11000 Loss: 0.334785 Accuracy: 0.8766
2019-10-16 13:07:35,163:INFO:	Epoch 0 Iter 12000 Loss: 0.288690 Accuracy: 0.8819
2019-10-16 13:07:49,913:INFO:	Epoch 1 Iter 1000 Loss: 0.267725 Accuracy: 0.8789
2019-10-16 13:08:01,614:INFO:	Epoch 1 Iter 2000 Loss: 0.257598 Accuracy: 0.8908
2019-10-16 13:08:12,798:INFO:	Epoch 1 Iter 3000 Loss: 0.266762 Accuracy: 0.8889
2019-10-16 13:08:23,372:INFO:	Epoch 1 Iter 4000 Loss: 0.249508 Accuracy: 0.8957
2019-10-16 13:08:34,991:INFO:	Epoch 1 Iter 5000 Loss: 0.249759 Accuracy: 0.8787
2019-10-16 13:08:45,938:INFO:	Epoch 1 Iter 6000 Loss: 0.247236 Accuracy: 0.8845
2019-10-16 13:08:57,099:INFO:	Epoch 1 Iter 7000 Loss: 0.235437 Accuracy: 0.9060
2019-10-16 13:09:08,048:INFO:	Epoch 1 Iter 8000 Loss: 0.243624 Accuracy: 0.8994
2019-10-16 13:09:19,003:INFO:	Epoch 1 Iter 9000 Loss: 0.242478 Accuracy: 0.8968
2019-10-16 13:09:30,267:INFO:	Epoch 1 Iter 10000 Loss: 0.245885 Accuracy: 0.8953
2019-10-16 13:09:41,707:INFO:	Epoch 1 Iter 11000 Loss: 0.230088 Accuracy: 0.8905
2019-10-16 13:09:52,661:INFO:	Epoch 1 Iter 12000 Loss: 0.225822 Accuracy: 0.8930
2019-10-16 13:10:07,567:INFO:	Epoch 2 Iter 1000 Loss: 0.227499 Accuracy: 0.9064
2019-10-16 13:10:19,020:INFO:	Epoch 2 Iter 2000 Loss: 0.196096 Accuracy: 0.8984
2019-10-16 13:10:29,736:INFO:	Epoch 2 Iter 3000 Loss: 0.190916 Accuracy: 0.9088
2019-10-16 13:10:40,446:INFO:	Epoch 2 Iter 4000 Loss: 0.197482 Accuracy: 0.9019
2019-10-16 13:10:51,460:INFO:	Epoch 2 Iter 5000 Loss: 0.187628 Accuracy: 0.9128
2019-10-16 13:11:02,538:INFO:	Epoch 2 Iter 6000 Loss: 0.190095 Accuracy: 0.9044
2019-10-16 13:11:14,074:INFO:	Epoch 2 Iter 7000 Loss: 0.201140 Accuracy: 0.9046
2019-10-16 13:11:25,166:INFO:	Epoch 2 Iter 8000 Loss: 0.186842 Accuracy: 0.9083
2019-10-16 13:11:36,367:INFO:	Epoch 2 Iter 9000 Loss: 0.199294 Accuracy: 0.9075
2019-10-16 13:11:47,309:INFO:	Epoch 2 Iter 10000 Loss: 0.195858 Accuracy: 0.9148
2019-10-16 13:11:58,412:INFO:	Epoch 2 Iter 11000 Loss: 0.200083 Accuracy: 0.9111
2019-10-16 13:12:09,142:INFO:	Epoch 2 Iter 12000 Loss: 0.201810 Accuracy: 0.9056
2019-10-16 13:12:23,826:INFO:	Epoch 3 Iter 1000 Loss: 0.179319 Accuracy: 0.9058
2019-10-16 13:12:34,409:INFO:	Epoch 3 Iter 2000 Loss: 0.179815 Accuracy: 0.9078
2019-10-16 13:12:45,281:INFO:	Epoch 3 Iter 3000 Loss: 0.178110 Accuracy: 0.9113
2019-10-16 13:12:56,308:INFO:	Epoch 3 Iter 4000 Loss: 0.158910 Accuracy: 0.9155
2019-10-16 13:13:07,193:INFO:	Epoch 3 Iter 5000 Loss: 0.171081 Accuracy: 0.9151
2019-10-16 13:13:18,319:INFO:	Epoch 3 Iter 6000 Loss: 0.170307 Accuracy: 0.9101
2019-10-16 13:13:29,317:INFO:	Epoch 3 Iter 7000 Loss: 0.161628 Accuracy: 0.9137
2019-10-16 13:13:40,188:INFO:	Epoch 3 Iter 8000 Loss: 0.170330 Accuracy: 0.9160
2019-10-16 13:13:51,294:INFO:	Epoch 3 Iter 9000 Loss: 0.159095 Accuracy: 0.9151
2019-10-16 13:14:02,277:INFO:	Epoch 3 Iter 10000 Loss: 0.152744 Accuracy: 0.9052
2019-10-16 13:14:13,183:INFO:	Epoch 3 Iter 11000 Loss: 0.167740 Accuracy: 0.9052
2019-10-16 13:14:23,590:INFO:	Epoch 3 Iter 12000 Loss: 0.162211 Accuracy: 0.9059
2019-10-16 13:14:37,890:INFO:	Epoch 4 Iter 1000 Loss: 0.146783 Accuracy: 0.9015
2019-10-16 13:14:48,752:INFO:	Epoch 4 Iter 2000 Loss: 0.150585 Accuracy: 0.9112
2019-10-16 13:14:59,448:INFO:	Epoch 4 Iter 3000 Loss: 0.127551 Accuracy: 0.9120
2019-10-16 13:15:10,006:INFO:	Epoch 4 Iter 4000 Loss: 0.145974 Accuracy: 0.9129
2019-10-16 13:15:20,786:INFO:	Epoch 4 Iter 5000 Loss: 0.136467 Accuracy: 0.9133
2019-10-16 13:15:30,963:INFO:	Epoch 4 Iter 6000 Loss: 0.149777 Accuracy: 0.9180
2019-10-16 13:15:41,917:INFO:	Epoch 4 Iter 7000 Loss: 0.152803 Accuracy: 0.9176
2019-10-16 13:15:52,541:INFO:	Epoch 4 Iter 8000 Loss: 0.148520 Accuracy: 0.9186
2019-10-16 13:16:03,216:INFO:	Epoch 4 Iter 9000 Loss: 0.161685 Accuracy: 0.9128
2019-10-16 13:16:13,587:INFO:	Epoch 4 Iter 10000 Loss: 0.150085 Accuracy: 0.9099
2019-10-16 13:16:24,153:INFO:	Epoch 4 Iter 11000 Loss: 0.142435 Accuracy: 0.9063
2019-10-16 13:16:34,197:INFO:	Epoch 4 Iter 12000 Loss: 0.157024 Accuracy: 0.9121
2019-10-16 13:16:41,693:INFO:	Test accuracy: 0.915966051719329
2019-10-16 13:16:41,713:INFO:	Elapsed time: 675.967477197
