2019-10-15 11:59:25,799:INFO:	log_frequency: 1000
2019-10-15 11:59:25,799:INFO:	n_epochs: 3
2019-10-15 11:59:25,799:INFO:	learning_rate: 0.001
2019-10-15 11:59:25,800:INFO:	train_path: data/en-ud-train.conllu
2019-10-15 11:59:25,800:INFO:	dev_path: data/en-ud-dev.conllu
2019-10-15 11:59:25,800:INFO:	test_path: data/en-ud-test.conllu
2019-10-15 11:59:25,800:INFO:	n_words: 9874
2019-10-15 11:59:25,800:INFO:	n_tags: 51
2019-10-15 11:59:53,635:INFO:	Epoch 0 Iter 1000 Loss: 2.060577 Accuracy: 0.6254
2019-10-15 12:00:26,499:INFO:	Epoch 0 Iter 2000 Loss: 1.086980 Accuracy: 0.7685
2019-10-15 12:00:57,422:INFO:	Epoch 0 Iter 3000 Loss: 0.712142 Accuracy: 0.8175
2019-10-15 12:01:31,864:INFO:	Epoch 0 Iter 4000 Loss: 0.560903 Accuracy: 0.8499
2019-10-15 12:01:57,927:INFO:	Epoch 0 Iter 5000 Loss: 0.490389 Accuracy: 0.8592
2019-10-15 12:02:23,047:INFO:	Epoch 0 Iter 6000 Loss: 0.419503 Accuracy: 0.8663
2019-10-15 12:02:48,714:INFO:	Epoch 0 Iter 7000 Loss: 0.386264 Accuracy: 0.8791
2019-10-15 12:03:22,544:INFO:	Epoch 0 Iter 8000 Loss: 0.363795 Accuracy: 0.8804
2019-10-15 12:03:51,936:INFO:	Epoch 0 Iter 9000 Loss: 0.359398 Accuracy: 0.8853
2019-10-15 12:04:15,947:INFO:	Epoch 0 Iter 10000 Loss: 0.367720 Accuracy: 0.8985
2019-10-15 12:04:39,601:INFO:	Epoch 0 Iter 11000 Loss: 0.334119 Accuracy: 0.9007
2019-10-15 12:05:00,829:INFO:	Epoch 0 Iter 12000 Loss: 0.316765 Accuracy: 0.8964
2019-10-15 12:05:30,558:INFO:	Epoch 1 Iter 1000 Loss: 0.275318 Accuracy: 0.9054
2019-10-15 12:05:54,224:INFO:	Epoch 1 Iter 2000 Loss: 0.267567 Accuracy: 0.9068
2019-10-15 12:06:17,422:INFO:	Epoch 1 Iter 3000 Loss: 0.249583 Accuracy: 0.9078
2019-10-15 12:06:40,449:INFO:	Epoch 1 Iter 4000 Loss: 0.271279 Accuracy: 0.9052
2019-10-15 12:07:03,104:INFO:	Epoch 1 Iter 5000 Loss: 0.242433 Accuracy: 0.9108
2019-10-15 12:07:27,206:INFO:	Epoch 1 Iter 6000 Loss: 0.252918 Accuracy: 0.9104
2019-10-15 12:07:50,200:INFO:	Epoch 1 Iter 7000 Loss: 0.258323 Accuracy: 0.9118
2019-10-15 12:08:13,844:INFO:	Epoch 1 Iter 8000 Loss: 0.241018 Accuracy: 0.9117
2019-10-15 12:08:38,686:INFO:	Epoch 1 Iter 9000 Loss: 0.223724 Accuracy: 0.9076
2019-10-15 12:09:02,120:INFO:	Epoch 1 Iter 10000 Loss: 0.239055 Accuracy: 0.9087
2019-10-15 12:09:29,454:INFO:	Epoch 1 Iter 11000 Loss: 0.243514 Accuracy: 0.9098
2019-10-15 12:10:01,537:INFO:	Epoch 1 Iter 12000 Loss: 0.229560 Accuracy: 0.9148
2019-10-15 12:10:44,677:INFO:	Epoch 2 Iter 1000 Loss: 0.202101 Accuracy: 0.9137
2019-10-15 12:11:12,395:INFO:	Epoch 2 Iter 2000 Loss: 0.200471 Accuracy: 0.9153
2019-10-15 12:11:37,217:INFO:	Epoch 2 Iter 3000 Loss: 0.193534 Accuracy: 0.9133
2019-10-15 12:12:08,361:INFO:	Epoch 2 Iter 4000 Loss: 0.193050 Accuracy: 0.9175
2019-10-15 12:12:36,143:INFO:	Epoch 2 Iter 5000 Loss: 0.180785 Accuracy: 0.9176
2019-10-15 12:13:02,701:INFO:	Epoch 2 Iter 6000 Loss: 0.193142 Accuracy: 0.9184
2019-10-15 12:13:31,432:INFO:	Epoch 2 Iter 7000 Loss: 0.192997 Accuracy: 0.9143
2019-10-15 12:13:58,433:INFO:	Epoch 2 Iter 8000 Loss: 0.207249 Accuracy: 0.9192
2019-10-15 12:14:23,758:INFO:	Epoch 2 Iter 9000 Loss: 0.204741 Accuracy: 0.9146
2019-10-15 12:14:49,152:INFO:	Epoch 2 Iter 10000 Loss: 0.187075 Accuracy: 0.9199
2019-10-15 12:15:13,537:INFO:	Epoch 2 Iter 11000 Loss: 0.202054 Accuracy: 0.9179
2019-10-15 12:15:36,504:INFO:	Epoch 2 Iter 12000 Loss: 0.183176 Accuracy: 0.9141
2019-10-15 12:15:54,079:INFO:	Test accuracy: 0.9176794039128182
2019-10-15 12:15:54,116:INFO:	Elapsed time: 916.765115
