/home/ubuntu/miniconda2/envs/env36/bin/python /home/ubuntu/hd/home/lpmayos/code/dynet_demo/POSTagger2.py
[dynet] random seed: 3265063610
[dynet] allocating memory: 512MB
[dynet] memory allocation done.
2019-10-07 18:21:27,435:INFO:	log_frequency: 1000
2019-10-07 18:21:27,435:INFO:	n_epochs: 3
2019-10-07 18:21:27,435:INFO:	learning_rate: 0.001
2019-10-07 18:21:27,435:INFO:	train_path: /home/ubuntu/hd/home/lpmayos/code/datasets/ud2.1/ud-treebanks-v2.1/UD_English/en-ud-train.conllu
2019-10-07 18:21:27,435:INFO:	dev_path: /home/ubuntu/hd/home/lpmayos/code/datasets/ud2.1/ud-treebanks-v2.1/UD_English/en-ud-dev.conllu
2019-10-07 18:21:27,435:INFO:	test_path: /home/ubuntu/hd/home/lpmayos/code/datasets/ud2.1/ud-treebanks-v2.1/UD_English/en-ud-test.conllu
2019-10-07 18:21:27,435:INFO:	n_words: 9874
2019-10-07 18:21:27,435:INFO:	n_tags: 51
2019-10-07 18:21:38,131:INFO:	Epoch 0 Iter 1000 Loss: 2.038950 Accuracy: 0.6198
2019-10-07 18:21:50,013:INFO:	Epoch 0 Iter 2000 Loss: 0.962224 Accuracy: 0.7888
2019-10-07 18:22:00,980:INFO:	Epoch 0 Iter 3000 Loss: 0.661967 Accuracy: 0.8262
2019-10-07 18:22:11,867:INFO:	Epoch 0 Iter 4000 Loss: 0.545653 Accuracy: 0.8525
2019-10-07 18:22:22,990:INFO:	Epoch 0 Iter 5000 Loss: 0.464062 Accuracy: 0.8659
2019-10-07 18:22:33,824:INFO:	Epoch 0 Iter 6000 Loss: 0.414213 Accuracy: 0.8716
2019-10-07 18:22:45,297:INFO:	Epoch 0 Iter 7000 Loss: 0.387825 Accuracy: 0.8830
2019-10-07 18:22:57,563:INFO:	Epoch 0 Iter 8000 Loss: 0.370154 Accuracy: 0.8798
2019-10-07 18:23:10,022:INFO:	Epoch 0 Iter 9000 Loss: 0.351734 Accuracy: 0.8957
2019-10-07 18:23:22,015:INFO:	Epoch 0 Iter 10000 Loss: 0.347294 Accuracy: 0.8910
2019-10-07 18:23:34,629:INFO:	Epoch 0 Iter 11000 Loss: 0.328536 Accuracy: 0.8906
2019-10-07 18:23:47,741:INFO:	Epoch 0 Iter 12000 Loss: 0.320440 Accuracy: 0.8926
2019-10-07 18:24:04,504:INFO:	Epoch 1 Iter 1000 Loss: 0.272206 Accuracy: 0.8926
2019-10-07 18:24:15,866:INFO:	Epoch 1 Iter 2000 Loss: 0.264257 Accuracy: 0.8925
2019-10-07 18:24:27,667:INFO:	Epoch 1 Iter 3000 Loss: 0.270168 Accuracy: 0.8968
2019-10-07 18:24:39,880:INFO:	Epoch 1 Iter 4000 Loss: 0.257597 Accuracy: 0.8973
2019-10-07 18:24:51,589:INFO:	Epoch 1 Iter 5000 Loss: 0.253969 Accuracy: 0.9013
2019-10-07 18:25:03,156:INFO:	Epoch 1 Iter 6000 Loss: 0.238952 Accuracy: 0.8997
2019-10-07 18:25:14,860:INFO:	Epoch 1 Iter 7000 Loss: 0.238809 Accuracy: 0.9012
2019-10-07 18:25:27,159:INFO:	Epoch 1 Iter 8000 Loss: 0.228707 Accuracy: 0.9040
2019-10-07 18:25:39,740:INFO:	Epoch 1 Iter 9000 Loss: 0.248188 Accuracy: 0.9025
2019-10-07 18:25:50,810:INFO:	Epoch 1 Iter 10000 Loss: 0.230456 Accuracy: 0.8973
2019-10-07 18:26:02,243:INFO:	Epoch 1 Iter 11000 Loss: 0.230538 Accuracy: 0.9111
2019-10-07 18:26:13,248:INFO:	Epoch 1 Iter 12000 Loss: 0.247989 Accuracy: 0.9112
2019-10-07 18:26:27,062:INFO:	Epoch 2 Iter 1000 Loss: 0.206351 Accuracy: 0.9088
2019-10-07 18:26:37,459:INFO:	Epoch 2 Iter 2000 Loss: 0.211877 Accuracy: 0.9116
2019-10-07 18:26:47,362:INFO:	Epoch 2 Iter 3000 Loss: 0.193167 Accuracy: 0.9039
2019-10-07 18:26:57,057:INFO:	Epoch 2 Iter 4000 Loss: 0.194799 Accuracy: 0.9088
2019-10-07 18:27:06,637:INFO:	Epoch 2 Iter 5000 Loss: 0.190011 Accuracy: 0.9042
2019-10-07 18:27:16,873:INFO:	Epoch 2 Iter 6000 Loss: 0.197335 Accuracy: 0.9106
2019-10-07 18:27:26,395:INFO:	Epoch 2 Iter 7000 Loss: 0.190492 Accuracy: 0.9044
2019-10-07 18:27:35,909:INFO:	Epoch 2 Iter 8000 Loss: 0.193724 Accuracy: 0.9065
2019-10-07 18:27:45,970:INFO:	Epoch 2 Iter 9000 Loss: 0.206344 Accuracy: 0.9112
2019-10-07 18:27:56,094:INFO:	Epoch 2 Iter 10000 Loss: 0.193146 Accuracy: 0.9168
2019-10-07 18:28:05,799:INFO:	Epoch 2 Iter 11000 Loss: 0.197561 Accuracy: 0.9095
2019-10-07 18:28:16,347:INFO:	Epoch 2 Iter 12000 Loss: 0.194617 Accuracy: 0.9154
2019-10-07 18:28:23,611:INFO:	Test accuracy: 0.9083157349484002
2019-10-07 18:28:23,611:INFO:	elapsed time: 416.76011061668396 s

Process finished with exit code 0
