2019-10-30 12:57:02,459:INFO:	----------------------------------------------------------------------------------------------------
2019-10-30 12:57:02,459:INFO:	log_frequency: 1000
2019-10-30 12:57:02,459:INFO:	n_epochs: 5
2019-10-30 12:57:02,459:INFO:	learning_rate: 0.001
2019-10-30 12:57:02,459:INFO:	train_path: /home/lpmayos/hd/code/dynet_demo/data/ud/en-ud-train.conllu
2019-10-30 12:57:02,459:INFO:	dev_path: /home/lpmayos/hd/code/dynet_demo/data/ud/en-ud-dev.conllu
2019-10-30 12:57:02,459:INFO:	test_path: /home/lpmayos/hd/code/dynet_demo/data/ud/en-ud-test.conllu
2019-10-30 12:57:02,459:INFO:	n_words: 9874
2019-10-30 12:57:02,459:INFO:	n_tags: 50
2019-10-30 12:57:02,459:INFO:	batch_size: 64
2019-10-30 12:57:02,459:INFO:	kg_vocab_path: /home/lpmayos/hd/code/UniParse/models/kiperwasser/1b/bpe/mini/only_words_true/run1/vocab.pkl
2019-10-30 12:57:02,459:INFO:	kg_model_path: /home/lpmayos/hd/code/UniParse/models/kiperwasser/1b/bpe/mini/only_words_true/run1/model.model
2019-10-30 12:57:02,459:INFO:	train_kg: True
2019-10-30 12:57:29,255:INFO:	Epoch 0 Iter 1024 Loss: 3.321993 Accuracy: 0.4198
2019-10-30 12:57:57,037:INFO:	Epoch 0 Iter 2048 Loss: 2.483641 Accuracy: 0.5886
2019-10-30 12:58:22,622:INFO:	Epoch 0 Iter 3008 Loss: 1.894019 Accuracy: 0.6394
2019-10-30 12:58:47,504:INFO:	Epoch 0 Iter 4032 Loss: 1.508702 Accuracy: 0.6912
2019-10-30 12:59:14,086:INFO:	Epoch 0 Iter 5056 Loss: 1.231355 Accuracy: 0.7355
2019-10-30 12:59:38,515:INFO:	Epoch 0 Iter 6016 Loss: 1.054626 Accuracy: 0.7696
2019-10-30 13:00:04,967:INFO:	Epoch 0 Iter 7040 Loss: 0.902812 Accuracy: 0.7879
2019-10-30 13:00:29,299:INFO:	Epoch 0 Iter 8000 Loss: 0.830204 Accuracy: 0.8002
2019-10-30 13:00:39,600:INFO:	Epoch 0 Iter 8064 Loss: 0.769869 Accuracy: 0.8013
2019-10-30 13:01:03,684:INFO:	Epoch 0 Iter 9024 Loss: 0.724720 Accuracy: 0.8154
2019-10-30 13:01:30,242:INFO:	Epoch 0 Iter 10048 Loss: 0.685746 Accuracy: 0.8252
2019-10-30 13:01:56,052:INFO:	Epoch 0 Iter 11008 Loss: 0.622468 Accuracy: 0.8340
2019-10-30 13:02:22,410:INFO:	Epoch 0 Iter 12032 Loss: 0.596399 Accuracy: 0.8375
2019-10-30 13:02:57,718:INFO:	Epoch 1 Iter 1024 Loss: 0.540371 Accuracy: 0.8441
2019-10-30 13:03:25,762:INFO:	Epoch 1 Iter 2048 Loss: 0.524323 Accuracy: 0.8482
2019-10-30 13:03:53,850:INFO:	Epoch 1 Iter 3008 Loss: 0.488011 Accuracy: 0.8505
2019-10-30 13:04:22,340:INFO:	Epoch 1 Iter 4032 Loss: 0.469477 Accuracy: 0.8518
2019-10-30 13:04:48,864:INFO:	Epoch 1 Iter 5056 Loss: 0.452260 Accuracy: 0.8526
2019-10-30 13:05:14,219:INFO:	Epoch 1 Iter 6016 Loss: 0.452195 Accuracy: 0.8543
2019-10-30 13:05:40,845:INFO:	Epoch 1 Iter 7040 Loss: 0.440311 Accuracy: 0.8563
2019-10-30 13:06:08,573:INFO:	Epoch 1 Iter 8000 Loss: 0.413719 Accuracy: 0.8596
2019-10-30 13:06:22,799:INFO:	Epoch 1 Iter 8064 Loss: 0.427971 Accuracy: 0.8590
2019-10-30 13:06:49,076:INFO:	Epoch 1 Iter 9024 Loss: 0.413089 Accuracy: 0.8596
2019-10-30 13:07:15,900:INFO:	Epoch 1 Iter 10048 Loss: 0.401511 Accuracy: 0.8655
2019-10-30 13:07:44,082:INFO:	Epoch 1 Iter 11008 Loss: 0.409319 Accuracy: 0.8671
2019-10-30 13:08:10,793:INFO:	Epoch 1 Iter 12032 Loss: 0.377216 Accuracy: 0.8686
2019-10-30 13:08:45,817:INFO:	Epoch 2 Iter 1024 Loss: 0.351047 Accuracy: 0.8696
2019-10-30 13:09:12,832:INFO:	Epoch 2 Iter 2048 Loss: 0.347683 Accuracy: 0.8716
2019-10-30 13:09:38,515:INFO:	Epoch 2 Iter 3008 Loss: 0.328959 Accuracy: 0.8729
2019-10-30 13:10:05,643:INFO:	Epoch 2 Iter 4032 Loss: 0.311806 Accuracy: 0.8725
2019-10-30 13:10:31,921:INFO:	Epoch 2 Iter 5056 Loss: 0.325426 Accuracy: 0.8743
2019-10-30 13:10:57,000:INFO:	Epoch 2 Iter 6016 Loss: 0.326194 Accuracy: 0.8739
2019-10-30 13:11:23,965:INFO:	Epoch 2 Iter 7040 Loss: 0.308264 Accuracy: 0.8748
2019-10-30 13:11:49,013:INFO:	Epoch 2 Iter 8000 Loss: 0.309299 Accuracy: 0.8756
2019-10-30 13:12:00,219:INFO:	Epoch 2 Iter 8064 Loss: 0.248733 Accuracy: 0.8755
2019-10-30 13:12:25,566:INFO:	Epoch 2 Iter 9024 Loss: 0.306151 Accuracy: 0.8770
2019-10-30 13:12:51,492:INFO:	Epoch 2 Iter 10048 Loss: 0.310121 Accuracy: 0.8777
2019-10-30 13:13:16,361:INFO:	Epoch 2 Iter 11008 Loss: 0.303512 Accuracy: 0.8781
2019-10-30 13:13:42,492:INFO:	Epoch 2 Iter 12032 Loss: 0.321904 Accuracy: 0.8792
2019-10-30 13:14:17,332:INFO:	Epoch 3 Iter 1024 Loss: 0.262455 Accuracy: 0.8783
2019-10-30 13:14:44,138:INFO:	Epoch 3 Iter 2048 Loss: 0.249359 Accuracy: 0.8805
2019-10-30 13:15:08,610:INFO:	Epoch 3 Iter 3008 Loss: 0.251522 Accuracy: 0.8776
2019-10-30 13:15:34,794:INFO:	Epoch 3 Iter 4032 Loss: 0.236408 Accuracy: 0.8808
2019-10-30 13:16:00,452:INFO:	Epoch 3 Iter 5056 Loss: 0.241130 Accuracy: 0.8797
2019-10-30 13:16:25,583:INFO:	Epoch 3 Iter 6016 Loss: 0.242430 Accuracy: 0.8783
2019-10-30 13:16:51,795:INFO:	Epoch 3 Iter 7040 Loss: 0.243392 Accuracy: 0.8785
2019-10-30 13:17:17,494:INFO:	Epoch 3 Iter 8000 Loss: 0.261991 Accuracy: 0.8794
2019-10-30 13:17:28,457:INFO:	Epoch 3 Iter 8064 Loss: 0.218016 Accuracy: 0.8789
2019-10-30 13:17:54,347:INFO:	Epoch 3 Iter 9024 Loss: 0.247720 Accuracy: 0.8812
2019-10-30 13:18:19,886:INFO:	Epoch 3 Iter 10048 Loss: 0.234373 Accuracy: 0.8816
2019-10-30 13:18:45,192:INFO:	Epoch 3 Iter 11008 Loss: 0.247020 Accuracy: 0.8826
2019-10-30 13:19:10,864:INFO:	Epoch 3 Iter 12032 Loss: 0.251661 Accuracy: 0.8815
2019-10-30 13:19:45,087:INFO:	Epoch 4 Iter 1024 Loss: 0.212063 Accuracy: 0.8788
2019-10-30 13:20:11,162:INFO:	Epoch 4 Iter 2048 Loss: 0.195113 Accuracy: 0.8819
2019-10-30 13:20:36,579:INFO:	Epoch 4 Iter 3008 Loss: 0.187821 Accuracy: 0.8818
2019-10-30 13:21:02,203:INFO:	Epoch 4 Iter 4032 Loss: 0.195442 Accuracy: 0.8831
2019-10-30 13:21:28,809:INFO:	Epoch 4 Iter 5056 Loss: 0.194359 Accuracy: 0.8831
2019-10-30 13:21:54,430:INFO:	Epoch 4 Iter 6016 Loss: 0.199898 Accuracy: 0.8835
2019-10-30 13:22:20,528:INFO:	Epoch 4 Iter 7040 Loss: 0.214726 Accuracy: 0.8840
2019-10-30 13:22:45,527:INFO:	Epoch 4 Iter 8000 Loss: 0.196943 Accuracy: 0.8832
2019-10-30 13:22:56,360:INFO:	Epoch 4 Iter 8064 Loss: 0.183068 Accuracy: 0.8822
2019-10-30 13:23:20,677:INFO:	Epoch 4 Iter 9024 Loss: 0.189704 Accuracy: 0.8829
2019-10-30 13:23:46,877:INFO:	Epoch 4 Iter 10048 Loss: 0.217888 Accuracy: 0.8851
2019-10-30 13:24:12,187:INFO:	Epoch 4 Iter 11008 Loss: 0.180965 Accuracy: 0.8833
2019-10-30 13:24:38,163:INFO:	Epoch 4 Iter 12032 Loss: 0.186255 Accuracy: 0.8831
2019-10-30 13:24:57,752:INFO:	
2019-10-30 13:24:57,752:INFO:	Test accuracy: 0.8819779256484839
2019-10-30 13:24:57,752:INFO:	----------------------------------------------------------------------------------------------------


2019-10-30 13:24:57,771:INFO:	Elapsed time: 1677.5446682660001
